\BOOKMARK [0][-]{chapter.1}{Introduction}{}% 1
\BOOKMARK [0][-]{chapter.2}{Planning}{}% 2
\BOOKMARK [0][-]{chapter.3}{Preliminary studies}{}% 3
\BOOKMARK [0][-]{chapter.4}{Requirements}{}% 4
\BOOKMARK [0][-]{chapter.5}{Testplan}{}% 5
\BOOKMARK [0][-]{chapter.6}{Software Architecture}{}% 6
\BOOKMARK [0][-]{chapter.7}{Tools and strategy}{}% 7
\BOOKMARK [0][-]{chapter.8}{Sprint 0}{}% 8
\BOOKMARK [1][-]{section.8.1}{Sprint planning}{chapter.8}% 9
\BOOKMARK [2][-]{subsection.8.1.1}{Sprint 0 User-stories}{section.8.1}% 10
\BOOKMARK [1][-]{section.8.2}{System Burndown}{chapter.8}% 11
\BOOKMARK [1][-]{section.8.3}{Architecture}{chapter.8}% 12
\BOOKMARK [1][-]{section.8.4}{Implementation}{chapter.8}% 13
\BOOKMARK [1][-]{section.8.5}{Testing}{chapter.8}% 14
\BOOKMARK [1][-]{section.8.6}{Occurring risks}{chapter.8}% 15
\BOOKMARK [1][-]{section.8.7}{Retrospective}{chapter.8}% 16
\BOOKMARK [2][-]{subsection.8.7.1}{Pros}{section.8.7}% 17
\BOOKMARK [2][-]{subsection.8.7.2}{Cons}{section.8.7}% 18
\BOOKMARK [1][-]{section.8.8}{Evaluation}{chapter.8}% 19
\BOOKMARK [0][-]{chapter.9}{Sprint 1}{}% 20
\BOOKMARK [1][-]{section.9.1}{Sprint planning}{chapter.9}% 21
\BOOKMARK [2][-]{subsection.9.1.1}{Sprint1 User-stories}{section.9.1}% 22
\BOOKMARK [1][-]{section.9.2}{System Burndown}{chapter.9}% 23
\BOOKMARK [1][-]{section.9.3}{Architecture}{chapter.9}% 24
\BOOKMARK [1][-]{section.9.4}{Implementation}{chapter.9}% 25
\BOOKMARK [1][-]{section.9.5}{Testing}{chapter.9}% 26
\BOOKMARK [1][-]{section.9.6}{Occurring risks}{chapter.9}% 27
\BOOKMARK [1][-]{section.9.7}{Retrospective}{chapter.9}% 28
\BOOKMARK [2][-]{subsection.9.7.1}{Pros}{section.9.7}% 29
\BOOKMARK [2][-]{subsection.9.7.2}{Cons}{section.9.7}% 30
\BOOKMARK [1][-]{section.9.8}{Evaluation}{chapter.9}% 31
\BOOKMARK [0][-]{chapter.10}{Sprint 2}{}% 32
\BOOKMARK [0][-]{chapter.11}{Sprint 3}{}% 33
\BOOKMARK [0][-]{chapter.12}{Sprint 4}{}% 34
\BOOKMARK [0][-]{chapter.13}{Sprint 5}{}% 35
\BOOKMARK [0][-]{chapter.14}{Sprint 6}{}% 36
\BOOKMARK [0][-]{chapter.15}{Testing}{}% 37
\BOOKMARK [0][-]{chapter.16}{Evaluation}{}% 38
\BOOKMARK [0][-]{chapter.17}{Conclusion}{}% 39
\BOOKMARK [0][-]{chapter.18}{References}{}% 40
\BOOKMARK [0][-]{chapter.19}{Attachments}{}% 41
\BOOKMARK [0][-]{chapter.20}{Appendix}{}% 42
